<?xml version="1.0" encoding="UTF-8"?>
<!-- Generated by org.testng.reporters.JUnitReportReporter -->
<testsuite hostname="LAPTOP-0KCTUOD7" failures="0" tests="1" name="helloworld.TestHelloWorld" time="0.003" errors="0" timestamp="2020-11-09T23:17:16 IST" skipped="0">
  <testcase classname="helloworld.TestHelloWorld" name="testHelloWorld" time="0.003"/>
  <system-out/>
</testsuite> <!-- helloworld.TestHelloWorld -->
